{"total": {"lines":{"total":91,"covered":84,"skipped":0,"pct":92.31},"statements":{"total":93,"covered":86,"skipped":0,"pct":92.47},"functions":{"total":18,"covered":14,"skipped":0,"pct":77.78},"branches":{"total":52,"covered":49,"skipped":0,"pct":94.23}}
,"C:\\Users\\leeli\\Codebase\\React Native\\calculator\\App.js": {"lines":{"total":12,"covered":8,"skipped":0,"pct":66.67},"functions":{"total":4,"covered":1,"skipped":0,"pct":25},"statements":{"total":12,"covered":8,"skipped":0,"pct":66.67},"branches":{"total":0,"covered":0,"skipped":0,"pct":100}}
,"C:\\Users\\leeli\\Codebase\\React Native\\calculator\\src\\styles.js": {"lines":{"total":1,"covered":1,"skipped":0,"pct":100},"functions":{"total":0,"covered":0,"skipped":0,"pct":100},"statements":{"total":1,"covered":1,"skipped":0,"pct":100},"branches":{"total":2,"covered":1,"skipped":0,"pct":50}}
,"C:\\Users\\leeli\\Codebase\\React Native\\calculator\\src\\components\\Button.js": {"lines":{"total":13,"covered":10,"skipped":0,"pct":76.92},"functions":{"total":4,"covered":3,"skipped":0,"pct":75},"statements":{"total":13,"covered":10,"skipped":0,"pct":76.92},"branches":{"total":4,"covered":2,"skipped":0,"pct":50}}
,"C:\\Users\\leeli\\Codebase\\React Native\\calculator\\src\\components\\Screen.js": {"lines":{"total":4,"covered":4,"skipped":0,"pct":100},"functions":{"total":2,"covered":2,"skipped":0,"pct":100},"statements":{"total":5,"covered":5,"skipped":0,"pct":100},"branches":{"total":0,"covered":0,"skipped":0,"pct":100}}
,"C:\\Users\\leeli\\Codebase\\React Native\\calculator\\src\\providers\\redux\\actions.js": {"lines":{"total":9,"covered":9,"skipped":0,"pct":100},"functions":{"total":1,"covered":1,"skipped":0,"pct":100},"statements":{"total":9,"covered":9,"skipped":0,"pct":100},"branches":{"total":10,"covered":10,"skipped":0,"pct":100}}
,"C:\\Users\\leeli\\Codebase\\React Native\\calculator\\src\\providers\\redux\\reducer.js": {"lines":{"total":52,"covered":52,"skipped":0,"pct":100},"functions":{"total":7,"covered":7,"skipped":0,"pct":100},"statements":{"total":53,"covered":53,"skipped":0,"pct":100},"branches":{"total":36,"covered":36,"skipped":0,"pct":100}}
}
