{"C:\\Users\\leeli\\Codebase\\React Native\\calculator\\App.js": {"path":"C:\\Users\\leeli\\Codebase\\React Native\\calculator\\App.js","statementMap":{"0":{"start":{"line":11,"column":14},"end":{"line":11,"column":44}},"1":{"start":{"line":14,"column":2},"end":{"line":61,"column":4}}},"fnMap":{"0":{"name":"App","decl":{"start":{"line":13,"column":24},"end":{"line":13,"column":27}},"loc":{"start":{"line":13,"column":30},"end":{"line":62,"column":1}},"line":13}},"branchMap":{},"s":{"0":1,"1":1},"f":{"0":1},"b":{},"_coverageSchema":"43e27e138ebf9cfc5966b082cf9a028302ed4184","hash":"33509a8478ea3bec684ef7b0e83163101a679b32"}
,"C:\\Users\\leeli\\Codebase\\React Native\\calculator\\src\\styles.js": {"path":"C:\\Users\\leeli\\Codebase\\React Native\\calculator\\src\\styles.js","statementMap":{"0":{"start":{"line":3,"column":15},"end":{"line":52,"column":2}}},"fnMap":{},"branchMap":{"0":{"loc":{"start":{"line":28,"column":16},"end":{"line":28,"column":71}},"type":"cond-expr","locations":[{"start":{"line":28,"column":44},"end":{"line":28,"column":67}},{"start":{"line":28,"column":70},"end":{"line":28,"column":71}}],"line":28}},"s":{"0":3},"f":{},"b":{"0":[0,3]},"_coverageSchema":"43e27e138ebf9cfc5966b082cf9a028302ed4184","hash":"d9a131330cc8c24d5f046445335f1c394ec2003d"}
,"C:\\Users\\leeli\\Codebase\\React Native\\calculator\\src\\components\\Button.js": {"path":"C:\\Users\\leeli\\Codebase\\React Native\\calculator\\src\\components\\Button.js","statementMap":{"0":{"start":{"line":14,"column":15},"end":{"line":36,"column":2}},"1":{"start":{"line":15,"column":19},"end":{"line":15,"column":32}},"2":{"start":{"line":16,"column":18},"end":{"line":16,"column":64}},"3":{"start":{"line":16,"column":24},"end":{"line":16,"column":64}},"4":{"start":{"line":18,"column":2},"end":{"line":29,"column":3}},"5":{"start":{"line":19,"column":4},"end":{"line":28,"column":6}},"6":{"start":{"line":22,"column":23},"end":{"line":22,"column":37}},"7":{"start":{"line":31,"column":2},"end":{"line":35,"column":4}},"8":{"start":{"line":32,"column":61},"end":{"line":32,"column":75}},"9":{"start":{"line":38,"column":0},"end":{"line":40,"column":2}}},"fnMap":{"0":{"name":"(anonymous_0)","decl":{"start":{"line":14,"column":20},"end":{"line":14,"column":21}},"loc":{"start":{"line":14,"column":35},"end":{"line":36,"column":1}},"line":14},"1":{"name":"(anonymous_1)","decl":{"start":{"line":16,"column":18},"end":{"line":16,"column":19}},"loc":{"start":{"line":16,"column":24},"end":{"line":16,"column":64}},"line":16},"2":{"name":"(anonymous_2)","decl":{"start":{"line":22,"column":17},"end":{"line":22,"column":18}},"loc":{"start":{"line":22,"column":23},"end":{"line":22,"column":37}},"line":22},"3":{"name":"(anonymous_3)","decl":{"start":{"line":32,"column":55},"end":{"line":32,"column":56}},"loc":{"start":{"line":32,"column":61},"end":{"line":32,"column":75}},"line":32}},"branchMap":{"0":{"loc":{"start":{"line":18,"column":2},"end":{"line":29,"column":3}},"type":"if","locations":[{"start":{"line":18,"column":2},"end":{"line":29,"column":3}},{"start":{"line":18,"column":2},"end":{"line":29,"column":3}}],"line":18}},"s":{"0":2,"1":21,"2":21,"3":3,"4":21,"5":0,"6":0,"7":21,"8":3,"9":2},"f":{"0":21,"1":3,"2":0,"3":3},"b":{"0":[0,21]},"_coverageSchema":"43e27e138ebf9cfc5966b082cf9a028302ed4184","hash":"b8bfe6ca022f1b2dbdeab888442dc528f1e74cf6"}
,"C:\\Users\\leeli\\Codebase\\React Native\\calculator\\src\\components\\Screen.js": {"path":"C:\\Users\\leeli\\Codebase\\React Native\\calculator\\src\\components\\Screen.js","statementMap":{"0":{"start":{"line":6,"column":15},"end":{"line":22,"column":1}},"1":{"start":{"line":7,"column":32},"end":{"line":10,"column":5}},"2":{"start":{"line":7,"column":56},"end":{"line":10,"column":3}},"3":{"start":{"line":12,"column":2},"end":{"line":21,"column":4}}},"fnMap":{"0":{"name":"(anonymous_0)","decl":{"start":{"line":6,"column":15},"end":{"line":6,"column":16}},"loc":{"start":{"line":6,"column":21},"end":{"line":22,"column":1}},"line":6},"1":{"name":"(anonymous_1)","decl":{"start":{"line":7,"column":44},"end":{"line":7,"column":45}},"loc":{"start":{"line":7,"column":56},"end":{"line":10,"column":3}},"line":7}},"branchMap":{},"s":{"0":2,"1":7,"2":11,"3":7},"f":{"0":7,"1":11},"b":{},"_coverageSchema":"43e27e138ebf9cfc5966b082cf9a028302ed4184","hash":"7809a6e9c5276f640ef8ba7c4da9123402ef6a14"}
,"C:\\Users\\leeli\\Codebase\\React Native\\calculator\\src\\providers\\redux\\actions.js": {"path":"C:\\Users\\leeli\\Codebase\\React Native\\calculator\\src\\providers\\redux\\actions.js","statementMap":{"0":{"start":{"line":1,"column":23},"end":{"line":8,"column":1}},"1":{"start":{"line":10,"column":39},"end":{"line":37,"column":1}},"2":{"start":{"line":11,"column":2},"end":{"line":19,"column":3}},"3":{"start":{"line":15,"column":4},"end":{"line":18,"column":6}},"4":{"start":{"line":21,"column":2},"end":{"line":25,"column":3}},"5":{"start":{"line":22,"column":4},"end":{"line":24,"column":6}},"6":{"start":{"line":27,"column":2},"end":{"line":31,"column":3}},"7":{"start":{"line":28,"column":4},"end":{"line":30,"column":6}},"8":{"start":{"line":33,"column":2},"end":{"line":36,"column":4}}},"fnMap":{"0":{"name":"(anonymous_0)","decl":{"start":{"line":10,"column":39},"end":{"line":10,"column":40}},"loc":{"start":{"line":10,"column":51},"end":{"line":37,"column":1}},"line":10}},"branchMap":{"0":{"loc":{"start":{"line":11,"column":2},"end":{"line":19,"column":3}},"type":"if","locations":[{"start":{"line":11,"column":2},"end":{"line":19,"column":3}},{"start":{"line":11,"column":2},"end":{"line":19,"column":3}}],"line":11},"1":{"loc":{"start":{"line":12,"column":4},"end":{"line":13,"column":62}},"type":"binary-expr","locations":[{"start":{"line":12,"column":4},"end":{"line":12,"column":18}},{"start":{"line":13,"column":5},"end":{"line":13,"column":31}},{"start":{"line":13,"column":35},"end":{"line":13,"column":46}},{"start":{"line":13,"column":50},"end":{"line":13,"column":61}}],"line":12},"2":{"loc":{"start":{"line":21,"column":2},"end":{"line":25,"column":3}},"type":"if","locations":[{"start":{"line":21,"column":2},"end":{"line":25,"column":3}},{"start":{"line":21,"column":2},"end":{"line":25,"column":3}}],"line":21},"3":{"loc":{"start":{"line":27,"column":2},"end":{"line":31,"column":3}},"type":"if","locations":[{"start":{"line":27,"column":2},"end":{"line":31,"column":3}},{"start":{"line":27,"column":2},"end":{"line":31,"column":3}}],"line":27}},"s":{"0":5,"1":5,"2":9,"3":4,"4":5,"5":1,"6":4,"7":1,"8":3},"f":{"0":9},"b":{"0":[4,5],"1":[9,9,4,4],"2":[1,4],"3":[1,3]},"_coverageSchema":"43e27e138ebf9cfc5966b082cf9a028302ed4184","hash":"337f286a4b9ed37853dc7e9c0c8a5c36c05c122b"}
,"C:\\Users\\leeli\\Codebase\\React Native\\calculator\\src\\providers\\redux\\reducer.js": {"path":"C:\\Users\\leeli\\Codebase\\React Native\\calculator\\src\\providers\\redux\\reducer.js","statementMap":{"0":{"start":{"line":3,"column":21},"end":{"line":7,"column":1}},"1":{"start":{"line":9,"column":31},"end":{"line":13,"column":1}},"2":{"start":{"line":10,"column":2},"end":{"line":10,"column":30}},"3":{"start":{"line":11,"column":2},"end":{"line":11,"column":26}},"4":{"start":{"line":12,"column":2},"end":{"line":12,"column":32}},"5":{"start":{"line":15,"column":27},"end":{"line":61,"column":1}},"6":{"start":{"line":16,"column":20},"end":{"line":16,"column":41}},"7":{"start":{"line":17,"column":2},"end":{"line":36,"column":5}},"8":{"start":{"line":18,"column":4},"end":{"line":35,"column":5}},"9":{"start":{"line":20,"column":8},"end":{"line":25,"column":10}},"10":{"start":{"line":26,"column":8},"end":{"line":26,"column":14}},"11":{"start":{"line":28,"column":8},"end":{"line":33,"column":10}},"12":{"start":{"line":34,"column":8},"end":{"line":34,"column":14}},"13":{"start":{"line":38,"column":2},"end":{"line":38,"column":60}},"14":{"start":{"line":38,"column":45},"end":{"line":38,"column":58}},"15":{"start":{"line":39,"column":2},"end":{"line":58,"column":5}},"16":{"start":{"line":40,"column":4},"end":{"line":57,"column":5}},"17":{"start":{"line":42,"column":8},"end":{"line":47,"column":10}},"18":{"start":{"line":48,"column":8},"end":{"line":48,"column":14}},"19":{"start":{"line":50,"column":8},"end":{"line":55,"column":10}},"20":{"start":{"line":56,"column":8},"end":{"line":56,"column":14}},"21":{"start":{"line":60,"column":2},"end":{"line":60,"column":45}},"22":{"start":{"line":63,"column":30},"end":{"line":69,"column":1}},"23":{"start":{"line":64,"column":2},"end":{"line":66,"column":3}},"24":{"start":{"line":65,"column":4},"end":{"line":65,"column":23}},"25":{"start":{"line":68,"column":2},"end":{"line":68,"column":15}},"26":{"start":{"line":71,"column":26},"end":{"line":142,"column":1}},"27":{"start":{"line":72,"column":2},"end":{"line":141,"column":3}},"28":{"start":{"line":74,"column":6},"end":{"line":81,"column":7}},"29":{"start":{"line":75,"column":8},"end":{"line":80,"column":10}},"30":{"start":{"line":83,"column":6},"end":{"line":85,"column":7}},"31":{"start":{"line":84,"column":8},"end":{"line":84,"column":21}},"32":{"start":{"line":87,"column":28},"end":{"line":89,"column":8}},"33":{"start":{"line":91,"column":6},"end":{"line":99,"column":8}},"34":{"start":{"line":101,"column":6},"end":{"line":103,"column":8}},"35":{"start":{"line":105,"column":6},"end":{"line":107,"column":7}},"36":{"start":{"line":106,"column":8},"end":{"line":106,"column":21}},"37":{"start":{"line":109,"column":30},"end":{"line":111,"column":9}},"38":{"start":{"line":113,"column":21},"end":{"line":113,"column":56}},"39":{"start":{"line":114,"column":6},"end":{"line":119,"column":8}},"40":{"start":{"line":121,"column":6},"end":{"line":126,"column":7}},"41":{"start":{"line":122,"column":8},"end":{"line":125,"column":10}},"42":{"start":{"line":128,"column":6},"end":{"line":133,"column":7}},"43":{"start":{"line":129,"column":8},"end":{"line":132,"column":10}},"44":{"start":{"line":135,"column":6},"end":{"line":138,"column":8}},"45":{"start":{"line":140,"column":6},"end":{"line":140,"column":19}}},"fnMap":{"0":{"name":"(anonymous_0)","decl":{"start":{"line":9,"column":31},"end":{"line":9,"column":32}},"loc":{"start":{"line":9,"column":61},"end":{"line":13,"column":1}},"line":9},"1":{"name":"(anonymous_1)","decl":{"start":{"line":15,"column":27},"end":{"line":15,"column":28}},"loc":{"start":{"line":15,"column":43},"end":{"line":61,"column":1}},"line":15},"2":{"name":"(anonymous_2)","decl":{"start":{"line":17,"column":22},"end":{"line":17,"column":23}},"loc":{"start":{"line":17,"column":39},"end":{"line":36,"column":3}},"line":17},"3":{"name":"(anonymous_3)","decl":{"start":{"line":38,"column":35},"end":{"line":38,"column":36}},"loc":{"start":{"line":38,"column":45},"end":{"line":38,"column":58}},"line":38},"4":{"name":"(anonymous_4)","decl":{"start":{"line":39,"column":22},"end":{"line":39,"column":23}},"loc":{"start":{"line":39,"column":39},"end":{"line":58,"column":3}},"line":39},"5":{"name":"(anonymous_5)","decl":{"start":{"line":63,"column":30},"end":{"line":63,"column":31}},"loc":{"start":{"line":63,"column":41},"end":{"line":69,"column":1}},"line":63},"6":{"name":"(anonymous_6)","decl":{"start":{"line":71,"column":26},"end":{"line":71,"column":27}},"loc":{"start":{"line":71,"column":60},"end":{"line":142,"column":1}},"line":71}},"branchMap":{"0":{"loc":{"start":{"line":18,"column":4},"end":{"line":35,"column":5}},"type":"switch","locations":[{"start":{"line":19,"column":6},"end":{"line":26,"column":14}},{"start":{"line":27,"column":6},"end":{"line":34,"column":14}}],"line":18},"1":{"loc":{"start":{"line":40,"column":4},"end":{"line":57,"column":5}},"type":"switch","locations":[{"start":{"line":41,"column":6},"end":{"line":48,"column":14}},{"start":{"line":49,"column":6},"end":{"line":56,"column":14}}],"line":40},"2":{"loc":{"start":{"line":64,"column":2},"end":{"line":66,"column":3}},"type":"if","locations":[{"start":{"line":64,"column":2},"end":{"line":66,"column":3}},{"start":{"line":64,"column":2},"end":{"line":66,"column":3}}],"line":64},"3":{"loc":{"start":{"line":71,"column":27},"end":{"line":71,"column":47}},"type":"default-arg","locations":[{"start":{"line":71,"column":35},"end":{"line":71,"column":47}}],"line":71},"4":{"loc":{"start":{"line":72,"column":2},"end":{"line":141,"column":3}},"type":"switch","locations":[{"start":{"line":73,"column":4},"end":{"line":99,"column":8}},{"start":{"line":100,"column":4},"end":{"line":103,"column":8}},{"start":{"line":104,"column":4},"end":{"line":119,"column":8}},{"start":{"line":120,"column":4},"end":{"line":138,"column":8}},{"start":{"line":139,"column":4},"end":{"line":140,"column":19}}],"line":72},"5":{"loc":{"start":{"line":74,"column":6},"end":{"line":81,"column":7}},"type":"if","locations":[{"start":{"line":74,"column":6},"end":{"line":81,"column":7}},{"start":{"line":74,"column":6},"end":{"line":81,"column":7}}],"line":74},"6":{"loc":{"start":{"line":83,"column":6},"end":{"line":85,"column":7}},"type":"if","locations":[{"start":{"line":83,"column":6},"end":{"line":85,"column":7}},{"start":{"line":83,"column":6},"end":{"line":85,"column":7}}],"line":83},"7":{"loc":{"start":{"line":95,"column":10},"end":{"line":97,"column":52}},"type":"cond-expr","locations":[{"start":{"line":96,"column":14},"end":{"line":96,"column":27}},{"start":{"line":97,"column":14},"end":{"line":97,"column":52}}],"line":95},"8":{"loc":{"start":{"line":105,"column":6},"end":{"line":107,"column":7}},"type":"if","locations":[{"start":{"line":105,"column":6},"end":{"line":107,"column":7}},{"start":{"line":105,"column":6},"end":{"line":107,"column":7}}],"line":105},"9":{"loc":{"start":{"line":121,"column":6},"end":{"line":126,"column":7}},"type":"if","locations":[{"start":{"line":121,"column":6},"end":{"line":126,"column":7}},{"start":{"line":121,"column":6},"end":{"line":126,"column":7}}],"line":121},"10":{"loc":{"start":{"line":128,"column":6},"end":{"line":133,"column":7}},"type":"if","locations":[{"start":{"line":128,"column":6},"end":{"line":133,"column":7}},{"start":{"line":128,"column":6},"end":{"line":133,"column":7}}],"line":128}},"s":{"0":4,"1":4,"2":24,"3":24,"4":24,"5":4,"6":9,"7":9,"8":57,"9":9,"10":9,"11":5,"12":5,"13":9,"14":57,"15":9,"16":29,"17":5,"18":5,"19":5,"20":5,"21":9,"22":4,"23":11,"24":1,"25":10,"26":4,"27":27,"28":4,"29":1,"30":3,"31":1,"32":2,"33":2,"34":1,"35":10,"36":1,"37":9,"38":9,"39":9,"40":4,"41":1,"42":3,"43":2,"44":1,"45":8},"f":{"0":24,"1":9,"2":57,"3":57,"4":29,"5":11,"6":27},"b":{"0":[9,5],"1":[5,5],"2":[1,10],"3":[10],"4":[4,1,10,4,8],"5":[1,3],"6":[1,2],"7":[2,0],"8":[1,9],"9":[1,3],"10":[2,1]},"_coverageSchema":"43e27e138ebf9cfc5966b082cf9a028302ed4184","hash":"25deaaebbb017b35cf52a8832258950038a03fac"}
}
