TN:
SF:C:\Users\leeli\Codebase\React Native\calculator\App.js
FN:13,App
FNF:1
FNH:1
FNDA:1,App
DA:11,1
DA:14,1
LF:2
LH:2
BRF:0
BRH:0
end_of_record
TN:
SF:C:\Users\leeli\Codebase\React Native\calculator\src\styles.js
FNF:0
FNH:0
DA:3,3
LF:1
LH:1
BRDA:28,0,0,0
BRDA:28,0,1,3
BRF:2
BRH:1
end_of_record
TN:
SF:C:\Users\leeli\Codebase\React Native\calculator\src\components\Button.js
FN:14,(anonymous_0)
FN:16,(anonymous_1)
FN:22,(anonymous_2)
FN:32,(anonymous_3)
FNF:4
FNH:3
FNDA:21,(anonymous_0)
FNDA:3,(anonymous_1)
FNDA:0,(anonymous_2)
FNDA:3,(anonymous_3)
DA:14,2
DA:15,21
DA:16,21
DA:18,21
DA:19,0
DA:22,0
DA:31,21
DA:32,3
DA:38,2
LF:9
LH:7
BRDA:18,0,0,0
BRDA:18,0,1,21
BRF:2
BRH:1
end_of_record
TN:
SF:C:\Users\leeli\Codebase\React Native\calculator\src\components\Screen.js
FN:6,(anonymous_0)
FN:7,(anonymous_1)
FNF:2
FNH:2
FNDA:7,(anonymous_0)
FNDA:11,(anonymous_1)
DA:6,2
DA:7,11
DA:12,7
LF:3
LH:3
BRF:0
BRH:0
end_of_record
TN:
SF:C:\Users\leeli\Codebase\React Native\calculator\src\providers\redux\actions.js
FN:10,(anonymous_0)
FNF:1
FNH:1
FNDA:9,(anonymous_0)
DA:1,5
DA:10,5
DA:11,9
DA:15,4
DA:21,5
DA:22,1
DA:27,4
DA:28,1
DA:33,3
LF:9
LH:9
BRDA:11,0,0,4
BRDA:11,0,1,5
BRDA:12,1,0,9
BRDA:12,1,1,9
BRDA:12,1,2,4
BRDA:12,1,3,4
BRDA:21,2,0,1
BRDA:21,2,1,4
BRDA:27,3,0,1
BRDA:27,3,1,3
BRF:10
BRH:10
end_of_record
TN:
SF:C:\Users\leeli\Codebase\React Native\calculator\src\providers\redux\reducer.js
FN:9,(anonymous_0)
FN:15,(anonymous_1)
FN:17,(anonymous_2)
FN:38,(anonymous_3)
FN:39,(anonymous_4)
FN:63,(anonymous_5)
FN:71,(anonymous_6)
FNF:7
FNH:7
FNDA:24,(anonymous_0)
FNDA:9,(anonymous_1)
FNDA:57,(anonymous_2)
FNDA:57,(anonymous_3)
FNDA:29,(anonymous_4)
FNDA:11,(anonymous_5)
FNDA:27,(anonymous_6)
DA:3,4
DA:9,4
DA:10,24
DA:11,24
DA:12,24
DA:15,4
DA:16,9
DA:17,9
DA:18,57
DA:20,9
DA:26,9
DA:28,5
DA:34,5
DA:38,57
DA:39,9
DA:40,29
DA:42,5
DA:48,5
DA:50,5
DA:56,5
DA:60,9
DA:63,4
DA:64,11
DA:65,1
DA:68,10
DA:71,4
DA:72,27
DA:74,4
DA:75,1
DA:83,3
DA:84,1
DA:87,2
DA:91,2
DA:101,1
DA:105,10
DA:106,1
DA:109,9
DA:113,9
DA:114,9
DA:121,4
DA:122,1
DA:128,3
DA:129,2
DA:135,1
DA:140,8
LF:45
LH:45
BRDA:18,0,0,9
BRDA:18,0,1,5
BRDA:40,1,0,5
BRDA:40,1,1,5
BRDA:64,2,0,1
BRDA:64,2,1,10
BRDA:71,3,0,10
BRDA:72,4,0,4
BRDA:72,4,1,1
BRDA:72,4,2,10
BRDA:72,4,3,4
BRDA:72,4,4,8
BRDA:74,5,0,1
BRDA:74,5,1,3
BRDA:83,6,0,1
BRDA:83,6,1,2
BRDA:95,7,0,2
BRDA:95,7,1,0
BRDA:105,8,0,1
BRDA:105,8,1,9
BRDA:121,9,0,1
BRDA:121,9,1,3
BRDA:128,10,0,2
BRDA:128,10,1,1
BRF:24
BRH:23
end_of_record
